<?xml version="1.0" encoding="UTF-8"?>
<testsuite name="com.moine.post.web.domain.posts.PostsRepositoryTest" tests="1" skipped="0" failures="0" errors="0" timestamp="2022-07-21T16:36:44" hostname="DESKTOP-0HREALI" time="0.329">
  <properties/>
  <testcase name="BaseTimeEntity_Entry" classname="com.moine.post.web.domain.posts.PostsRepositoryTest" time="0.329"/>
  <system-out><![CDATA[01:36:39.698 [Test worker] DEBUG org.springframework.test.context.junit4.SpringJUnit4ClassRunner - SpringJUnit4ClassRunner constructor called with [class com.moine.post.web.domain.posts.PostsRepositoryTest]
01:36:39.707 [Test worker] DEBUG org.springframework.test.context.BootstrapUtils - Instantiating CacheAwareContextLoaderDelegate from class [org.springframework.test.context.cache.DefaultCacheAwareContextLoaderDelegate]
01:36:39.716 [Test worker] DEBUG org.springframework.test.context.BootstrapUtils - Instantiating BootstrapContext using constructor [public org.springframework.test.context.support.DefaultBootstrapContext(java.lang.Class,org.springframework.test.context.CacheAwareContextLoaderDelegate)]
01:36:39.731 [Test worker] DEBUG org.springframework.test.context.BootstrapUtils - Instantiating TestContextBootstrapper for test class [com.moine.post.web.domain.posts.PostsRepositoryTest] from class [org.springframework.boot.test.context.SpringBootTestContextBootstrapper]
01:36:39.743 [Test worker] INFO org.springframework.boot.test.context.SpringBootTestContextBootstrapper - Neither @ContextConfiguration nor @ContextHierarchy found for test class [com.moine.post.web.domain.posts.PostsRepositoryTest], using SpringBootContextLoader
01:36:39.747 [Test worker] DEBUG org.springframework.test.context.support.AbstractContextLoader - Did not detect default resource location for test class [com.moine.post.web.domain.posts.PostsRepositoryTest]: class path resource [com/moine/post/web/domain/posts/PostsRepositoryTest-context.xml] does not exist
01:36:39.747 [Test worker] DEBUG org.springframework.test.context.support.AbstractContextLoader - Did not detect default resource location for test class [com.moine.post.web.domain.posts.PostsRepositoryTest]: class path resource [com/moine/post/web/domain/posts/PostsRepositoryTestContext.groovy] does not exist
01:36:39.747 [Test worker] INFO org.springframework.test.context.support.AbstractContextLoader - Could not detect default resource locations for test class [com.moine.post.web.domain.posts.PostsRepositoryTest]: no resource found for suffixes {-context.xml, Context.groovy}.
01:36:39.748 [Test worker] INFO org.springframework.test.context.support.AnnotationConfigContextLoaderUtils - Could not detect default configuration classes for test class [com.moine.post.web.domain.posts.PostsRepositoryTest]: PostsRepositoryTest does not declare any static, non-private, non-final, nested classes annotated with @Configuration.
01:36:39.783 [Test worker] DEBUG org.springframework.test.context.support.ActiveProfilesUtils - Could not find an 'annotation declaring class' for annotation type [org.springframework.test.context.ActiveProfiles] and class [com.moine.post.web.domain.posts.PostsRepositoryTest]
01:36:39.873 [Test worker] DEBUG org.springframework.context.annotation.ClassPathScanningCandidateComponentProvider - Identified candidate component class: file [C:\Users\USER\Documents\school\2022_1\Conatus\posts\build\classes\java\main\com\moine\post\Application.class]
01:36:39.874 [Test worker] INFO org.springframework.boot.test.context.SpringBootTestContextBootstrapper - Found @SpringBootConfiguration com.moine.post.Application for test class com.moine.post.web.domain.posts.PostsRepositoryTest
01:36:39.972 [Test worker] DEBUG org.springframework.boot.test.context.SpringBootTestContextBootstrapper - @TestExecutionListeners is not present for class [com.moine.post.web.domain.posts.PostsRepositoryTest]: using defaults.
01:36:39.973 [Test worker] INFO org.springframework.boot.test.context.SpringBootTestContextBootstrapper - Loaded default TestExecutionListener class names from location [META-INF/spring.factories]: [org.springframework.security.test.context.support.WithSecurityContextTestExecutionListener, org.springframework.security.test.context.support.ReactorContextTestExecutionListener, org.springframework.boot.test.autoconfigure.restdocs.RestDocsTestExecutionListener, org.springframework.boot.test.autoconfigure.web.client.MockRestServiceServerResetTestExecutionListener, org.springframework.boot.test.autoconfigure.web.servlet.MockMvcPrintOnlyOnFailureTestExecutionListener, org.springframework.boot.test.autoconfigure.web.servlet.WebDriverTestExecutionListener, org.springframework.boot.test.mock.mockito.MockitoTestExecutionListener, org.springframework.boot.test.mock.mockito.ResetMocksTestExecutionListener, org.springframework.test.context.web.ServletTestExecutionListener, org.springframework.test.context.support.DirtiesContextBeforeModesTestExecutionListener, org.springframework.test.context.support.DependencyInjectionTestExecutionListener, org.springframework.test.context.support.DirtiesContextTestExecutionListener, org.springframework.test.context.transaction.TransactionalTestExecutionListener, org.springframework.test.context.jdbc.SqlScriptsTestExecutionListener]
01:36:39.992 [Test worker] INFO org.springframework.boot.test.context.SpringBootTestContextBootstrapper - Using TestExecutionListeners: [org.springframework.test.context.web.ServletTestExecutionListener@2a743ba7, org.springframework.test.context.support.DirtiesContextBeforeModesTestExecutionListener@23e765e4, org.springframework.boot.test.mock.mockito.MockitoTestExecutionListener@111ada9b, org.springframework.boot.test.autoconfigure.SpringBootDependencyInjectionTestExecutionListener@61f0dd5c, org.springframework.test.context.support.DirtiesContextTestExecutionListener@6a527bc6, org.springframework.test.context.transaction.TransactionalTestExecutionListener@7202fb2d, org.springframework.test.context.jdbc.SqlScriptsTestExecutionListener@358b29f4, org.springframework.security.test.context.support.WithSecurityContextTestExecutionListener@52761824, org.springframework.security.test.context.support.ReactorContextTestExecutionListener@2b03d5e7, org.springframework.boot.test.autoconfigure.restdocs.RestDocsTestExecutionListener@4e3d8839, org.springframework.boot.test.autoconfigure.web.client.MockRestServiceServerResetTestExecutionListener@2215cc83, org.springframework.boot.test.autoconfigure.web.servlet.MockMvcPrintOnlyOnFailureTestExecutionListener@404057dd, org.springframework.boot.test.autoconfigure.web.servlet.WebDriverTestExecutionListener@75591edf, org.springframework.boot.test.mock.mockito.ResetMocksTestExecutionListener@57873c0d]
01:36:39.994 [Test worker] DEBUG org.springframework.test.annotation.ProfileValueUtils - Retrieved @ProfileValueSourceConfiguration [null] for test class [com.moine.post.web.domain.posts.PostsRepositoryTest]
01:36:39.995 [Test worker] DEBUG org.springframework.test.annotation.ProfileValueUtils - Retrieved ProfileValueSource type [class org.springframework.test.annotation.SystemProfileValueSource] for class [com.moine.post.web.domain.posts.PostsRepositoryTest]
01:36:39.999 [Test worker] DEBUG org.springframework.test.annotation.ProfileValueUtils - Retrieved @ProfileValueSourceConfiguration [null] for test class [com.moine.post.web.domain.posts.PostsRepositoryTest]
01:36:39.999 [Test worker] DEBUG org.springframework.test.annotation.ProfileValueUtils - Retrieved ProfileValueSource type [class org.springframework.test.annotation.SystemProfileValueSource] for class [com.moine.post.web.domain.posts.PostsRepositoryTest]
01:36:40.001 [Test worker] DEBUG org.springframework.test.annotation.ProfileValueUtils - Retrieved @ProfileValueSourceConfiguration [null] for test class [com.moine.post.web.domain.posts.PostsRepositoryTest]
01:36:40.001 [Test worker] DEBUG org.springframework.test.annotation.ProfileValueUtils - Retrieved ProfileValueSource type [class org.springframework.test.annotation.SystemProfileValueSource] for class [com.moine.post.web.domain.posts.PostsRepositoryTest]
01:36:40.007 [Test worker] DEBUG org.springframework.test.context.support.AbstractDirtiesContextTestExecutionListener - Before test class: context [DefaultTestContext@428aa72b testClass = PostsRepositoryTest, testInstance = [null], testMethod = [null], testException = [null], mergedContextConfiguration = [WebMergedContextConfiguration@432958e8 testClass = PostsRepositoryTest, locations = '{}', classes = '{class com.moine.post.Application}', contextInitializerClasses = '[]', activeProfiles = '{}', propertySourceLocations = '{}', propertySourceProperties = '{org.springframework.boot.test.context.SpringBootTestContextBootstrapper=true}', contextCustomizers = set[org.springframework.boot.test.autoconfigure.properties.PropertyMappingContextCustomizer@0, org.springframework.boot.test.autoconfigure.web.servlet.WebDriverContextCustomizerFactory$Customizer@6b53534a, org.springframework.boot.test.context.filter.ExcludeFilterContextCustomizer@350129a3, org.springframework.boot.test.json.DuplicateJsonObjectContextCustomizerFactory$DuplicateJsonObjectContextCustomizer@26d8e8bd, org.springframework.boot.test.mock.mockito.MockitoContextCustomizer@0, org.springframework.boot.test.web.client.TestRestTemplateContextCustomizer@609f77cd], resourceBasePath = 'src/main/webapp', contextLoader = 'org.springframework.boot.test.context.SpringBootContextLoader', parent = [null]], attributes = map['org.springframework.test.context.web.ServletTestExecutionListener.activateListener' -> true]], class annotated with @DirtiesContext [false] with mode [null].
01:36:40.007 [Test worker] DEBUG org.springframework.test.annotation.ProfileValueUtils - Retrieved @ProfileValueSourceConfiguration [null] for test class [com.moine.post.web.domain.posts.PostsRepositoryTest]
01:36:40.007 [Test worker] DEBUG org.springframework.test.annotation.ProfileValueUtils - Retrieved ProfileValueSource type [class org.springframework.test.annotation.SystemProfileValueSource] for class [com.moine.post.web.domain.posts.PostsRepositoryTest]
01:36:40.029 [Test worker] DEBUG org.springframework.test.context.support.TestPropertySourceUtils - Adding inlined properties to environment: {spring.jmx.enabled=false, org.springframework.boot.test.context.SpringBootTestContextBootstrapper=true, server.port=-1}

  .   ____          _            __ _ _
 /\\ / ___'_ __ _ _(_)_ __  __ _ \ \ \ \
( ( )\___ | '_ | '_| | '_ \/ _` | \ \ \ \
 \\/  ___)| |_)| | | | | || (_| |  ) ) ) )
  '  |____| .__|_| |_|_| |_\__, | / / / /
 =========|_|==============|___/=/_/_/_/
 :: Spring Boot ::        (v2.1.9.RELEASE)

2022-07-22 01:36:40.257  INFO 15552 --- [    Test worker] c.m.p.w.d.posts.PostsRepositoryTest      : Starting PostsRepositoryTest on DESKTOP-0HREALI with PID 15552 (started by USER in C:\Users\USER\Documents\school\2022_1\Conatus\posts)
2022-07-22 01:36:40.258  INFO 15552 --- [    Test worker] c.m.p.w.d.posts.PostsRepositoryTest      : No active profile set, falling back to default profiles: default
2022-07-22 01:36:40.906  INFO 15552 --- [    Test worker] .s.d.r.c.RepositoryConfigurationDelegate : Bootstrapping Spring Data repositories in DEFAULT mode.
2022-07-22 01:36:40.966  INFO 15552 --- [    Test worker] .s.d.r.c.RepositoryConfigurationDelegate : Finished Spring Data repository scanning in 54ms. Found 1 repository interfaces.
2022-07-22 01:36:41.365  INFO 15552 --- [    Test worker] trationDelegate$BeanPostProcessorChecker : Bean 'org.springframework.transaction.annotation.ProxyTransactionManagementConfiguration' of type [org.springframework.transaction.annotation.ProxyTransactionManagementConfiguration$$EnhancerBySpringCGLIB$$6976c33] is not eligible for getting processed by all BeanPostProcessors (for example: not eligible for auto-proxying)
2022-07-22 01:36:41.567  INFO 15552 --- [    Test worker] com.zaxxer.hikari.HikariDataSource       : HikariPool-1 - Starting...
2022-07-22 01:36:41.732  INFO 15552 --- [    Test worker] com.zaxxer.hikari.HikariDataSource       : HikariPool-1 - Start completed.
2022-07-22 01:36:41.831  INFO 15552 --- [    Test worker] o.hibernate.jpa.internal.util.LogHelper  : HHH000204: Processing PersistenceUnitInfo [
	name: default
	...]
2022-07-22 01:36:41.902  INFO 15552 --- [    Test worker] org.hibernate.Version                    : HHH000412: Hibernate Core {5.3.12.Final}
2022-07-22 01:36:41.903  INFO 15552 --- [    Test worker] org.hibernate.cfg.Environment            : HHH000206: hibernate.properties not found
2022-07-22 01:36:42.070  INFO 15552 --- [    Test worker] o.hibernate.annotations.common.Version   : HCANN000001: Hibernate Commons Annotations {5.0.4.Final}
2022-07-22 01:36:42.228  INFO 15552 --- [    Test worker] org.hibernate.dialect.Dialect            : HHH000400: Using dialect: org.hibernate.dialect.H2Dialect
Hibernate: drop table posts if exists
Hibernate: create table posts (id bigint generated by default as identity, created_date timestamp, modified_date timestamp, author varchar(255), content TEXT not null, title varchar(500) not null, primary key (id))
2022-07-22 01:36:42.816  INFO 15552 --- [    Test worker] o.h.t.schema.internal.SchemaCreatorImpl  : HHH000476: Executing import script 'org.hibernate.tool.schema.internal.exec.ScriptSourceInputNonExistentImpl@6201e80f'
2022-07-22 01:36:42.819  INFO 15552 --- [    Test worker] j.LocalContainerEntityManagerFactoryBean : Initialized JPA EntityManagerFactory for persistence unit 'default'
2022-07-22 01:36:43.736  INFO 15552 --- [    Test worker] o.s.s.concurrent.ThreadPoolTaskExecutor  : Initializing ExecutorService 'applicationTaskExecutor'
2022-07-22 01:36:43.794  WARN 15552 --- [    Test worker] aWebConfiguration$JpaWebMvcConfiguration : spring.jpa.open-in-view is enabled by default. Therefore, database queries may be performed during view rendering. Explicitly configure spring.jpa.open-in-view to disable this warning
2022-07-22 01:36:44.283  INFO 15552 --- [    Test worker] s.a.ScheduledAnnotationBeanPostProcessor : No TaskScheduler/ScheduledExecutorService bean found for scheduled processing
2022-07-22 01:36:44.293  INFO 15552 --- [    Test worker] c.m.p.w.d.posts.PostsRepositoryTest      : Started PostsRepositoryTest in 4.256 seconds (JVM running for 5.614)
Hibernate: insert into posts (id, created_date, modified_date, author, content, title) values (null, ?, ?, ?, ?, ?)
2022-07-22 01:36:44.506  INFO 15552 --- [    Test worker] o.h.h.i.QueryTranslatorFactoryInitiator  : HHH000397: Using ASTQueryTranslatorFactory
Hibernate: select posts0_.id as id1_0_, posts0_.created_date as created_2_0_, posts0_.modified_date as modified3_0_, posts0_.author as author4_0_, posts0_.content as content5_0_, posts0_.title as title6_0_ from posts posts0_
>>>>>>>>> createDate=2022-07-22T01:36:44.435142, modifiedDate=2022-07-22T01:36:44.435142
Hibernate: select posts0_.id as id1_0_, posts0_.created_date as created_2_0_, posts0_.modified_date as modified3_0_, posts0_.author as author4_0_, posts0_.content as content5_0_, posts0_.title as title6_0_ from posts posts0_
Hibernate: delete from posts where id=?
]]></system-out>
  <system-err><![CDATA[]]></system-err>
</testsuite>
